<?xml version="1.0" encoding="UTF-8"?>
<testng-results ignored="0" total="1" passed="1" failed="0" skipped="0">
  <reporter-output>
  </reporter-output>
  <suite started-at="2023-05-23T13:39:02 IST" name="Suite" finished-at="2023-05-23T13:39:03 IST" duration-ms="78">
    <groups>
    </groups>
    <test started-at="2023-05-23T13:39:02 IST" name="Test" finished-at="2023-05-23T13:39:03 IST" duration-ms="78">
      <class name="com.test.TestDemo">
        <test-method signature="testRun()[pri:0, instance:com.test.TestDemo@29647f75]" started-at="2023-05-23T13:39:03 IST" name="testRun" finished-at="2023-05-23T13:39:03 IST" duration-ms="14" status="PASS">
          <reporter-output>
          </reporter-output>
        </test-method> <!-- testRun -->
      </class> <!-- com.test.TestDemo -->
    </test> <!-- Test -->
  </suite> <!-- Suite -->
</testng-results>
